<?xml version="1.0" encoding="UTF-8"?>
<testng-results ignored="0" total="1" passed="1" failed="0" skipped="0">
  <reporter-output>
  </reporter-output>
  <suite started-at="2022-07-15T14:17:35 IST" name="Default suite" finished-at="2022-07-15T14:25:03 IST" duration-ms="448137">
    <groups>
    </groups>
    <test started-at="2022-07-15T14:17:35 IST" name="Default test" finished-at="2022-07-15T14:25:03 IST" duration-ms="448137">
      <class name="brokenLinksAndImages.CheckAllLinks">
        <test-method signature="check()[pri:0, instance:brokenLinksAndImages.CheckAllLinks@355ce81c]" started-at="2022-07-15T14:17:35 IST" name="check" finished-at="2022-07-15T14:25:03 IST" duration-ms="448065" status="PASS">
          <reporter-output>
          </reporter-output>
        </test-method> <!-- check -->
      </class> <!-- brokenLinksAndImages.CheckAllLinks -->
    </test> <!-- Default test -->
  </suite> <!-- Default suite -->
</testng-results>
